<?xml version="1.0" encoding="UTF-8"?>
<testsuite name="SILab2Test" tests="1" skipped="0" failures="0" errors="0" timestamp="2022-06-03T20:33:26" hostname="DESKTOP-4LF7SQ3" time="0.02">
  <properties/>
  <testcase name="everyStatementTestC0()" classname="SILab2Test" time="0.02"/>
  <system-out><![CDATA[]]></system-out>
  <system-err><![CDATA[]]></system-err>
</testsuite>
